<?xml version="1.0" encoding="UTF-8"?>
<testng-results total="1" passed="1" failed="0" skipped="0">
  <reporter-output>
  </reporter-output>
  <suite started-at="2024-06-18T08:31:30Z" name="Default suite" finished-at="2024-06-18T08:31:30Z" duration-ms="30">
    <groups>
    </groups>
    <test started-at="2024-06-18T08:31:30Z" name="Default test" finished-at="2024-06-18T08:31:30Z" duration-ms="30">
      <class name="test1">
        <test-method signature="streamCollect()[pri:0, instance:test1@71e9ebae]" started-at="2024-06-18T14:01:30Z" name="streamCollect" finished-at="2024-06-18T14:01:30Z" duration-ms="15" status="PASS">
          <reporter-output>
          </reporter-output>
        </test-method> <!-- streamCollect -->
      </class> <!-- test1 -->
    </test> <!-- Default test -->
  </suite> <!-- Default suite -->
</testng-results>
